[2026-06-03 15:10:36] [INFO] ======================================================================
[2026-06-03 15:10:36] [INFO] RAG BACKEND KNOWLEDGE BASE UPDATE
[2026-06-03 15:10:36] [INFO] ======================================================================
[2026-06-03 15:10:36] [INFO] 
Processing: NovoxCore
[2026-06-03 15:10:36] [INFO] Starting crawl: https://novoxcore.com/
[2026-06-03 15:10:36] [INFO] Starting crawl with 1 seed URL(s)
[2026-06-03 15:10:38] [INFO] [CRAWL] https://novoxcore.com/
[2026-06-03 15:10:45] [INFO] [OK] https://novoxcore.com/
[2026-06-03 15:10:45] [INFO] [CRAWL] https://novoxcore.com/contact.html
[2026-06-03 15:10:53] [INFO] [OK] https://novoxcore.com/contact
[2026-06-03 15:10:53] [INFO] [CRAWL] http://novoxcore.com/about.html
[2026-06-03 15:10:57] [INFO] [OK] https://novoxcore.com/about
[2026-06-03 15:10:57] [INFO] [CRAWL] http://novoxcore.com/services.html
[2026-06-03 15:11:01] [INFO] [OK] https://novoxcore.com/services
[2026-06-03 15:11:01] [INFO] [CRAWL] http://novoxcore.com/team.html
[2026-06-03 15:11:04] [INFO] [OK] https://novoxcore.com/team
[2026-06-03 15:11:04] [INFO] [CRAWL] http://novoxcore.com/careers.html
[2026-06-03 15:11:07] [INFO] [OK] https://novoxcore.com/careers
[2026-06-03 15:11:07] [INFO] Downloaded pages: 6
[2026-06-03 15:11:07] [INFO] Failed pages: 0
[2026-06-03 15:11:07] [INFO] Downloaded: 6 pages
[2026-06-03 15:11:07] [INFO] Duplicates removed: 0
[2026-06-03 15:11:07] [INFO] Junk filtered: 0
[2026-06-03 15:11:09] [INFO] Chunks generated: 52
[2026-06-03 15:11:09] [INFO] Saved to: cleaned_chunks/novoxcore_chunks.json
[2026-06-03 15:11:09] [INFO] Skipping disabled website: NovoxEdTech
[2026-06-03 15:11:09] [INFO] ======================================================================
[2026-06-03 15:11:09] [INFO] TOTAL CHUNKS GENERATED: 52
[2026-06-03 15:11:09] [INFO] Populating Qdrant vector store...
[2026-06-03 15:11:09] [INFO] Loading chunks from /home/sujith/NovoxCore/backend/cleaned_chunks/novoxcore_chunks.json
[2026-06-03 15:11:09] [INFO] Loaded 52 chunks
[2026-06-03 15:11:09] [INFO] Deleted old collection: novoxcore
[2026-06-03 15:11:09] [INFO] Created collection: novoxcore
[2026-06-03 15:11:37] [INFO] Generated embeddings for 52 chunks
[2026-06-03 15:11:37] [INFO] Stored 52 chunks in Qdrant
[2026-06-03 15:11:37] [INFO] Stored 52 chunks in Qdrant
[2026-06-03 15:11:37] [INFO] Update completed successfully
[2026-06-03 15:11:37] [INFO] ======================================================================
