[2026-05-30 16:07:36] [INFO] ======================================================================
[2026-05-30 16:07:36] [INFO] RAG BACKEND KNOWLEDGE BASE UPDATE
[2026-05-30 16:07:36] [INFO] ======================================================================
[2026-05-30 16:07:36] [INFO] 
Processing: NovoxCore
[2026-05-30 16:07:36] [INFO] Starting crawl: https://novoxcore.com/
[2026-05-30 16:07:36] [INFO] Starting crawl with 1 seed URL(s)
[2026-05-30 16:07:37] [INFO] Crawl completed.
[2026-05-30 16:07:37] [INFO] Downloaded pages: 0
[2026-05-30 16:07:37] [INFO] Failed pages: 0
[2026-05-30 16:07:37] [INFO] Downloaded: 0 pages
[2026-05-30 16:07:37] [INFO] Duplicates removed: 0
[2026-05-30 16:07:37] [INFO] Junk filtered: 0
[2026-05-30 16:07:37] [INFO] Chunks generated: 0
[2026-05-30 16:07:37] [INFO] Saved to: cleaned_chunks/novoxcore_chunks.json
[2026-05-30 16:07:37] [INFO] Skipping disabled website: NovoxEdTech
[2026-05-30 16:07:37] [INFO] ======================================================================
[2026-05-30 16:07:37] [INFO] TOTAL CHUNKS GENERATED: 0
[2026-05-30 16:07:37] [INFO] Update completed successfully
[2026-05-30 16:07:37] [INFO] ======================================================================
