[2026-06-03 11:10:27] [INFO] ======================================================================
[2026-06-03 11:10:27] [INFO] RAG BACKEND KNOWLEDGE BASE UPDATE
[2026-06-03 11:10:27] [INFO] ======================================================================
[2026-06-03 11:10:27] [INFO] 
Processing: NovoxCore
[2026-06-03 11:10:27] [INFO] Starting crawl: https://novoxcore.com/
[2026-06-03 11:10:27] [INFO] Starting crawl with 1 seed URL(s)
[2026-06-03 11:10:29] [INFO] [CRAWL] https://novoxcore.com/
[2026-06-03 11:10:36] [INFO] [OK] https://novoxcore.com/
[2026-06-03 11:10:36] [INFO] [CRAWL] https://novoxcore.com/contact.html
[2026-06-03 11:10:44] [INFO] [OK] https://novoxcore.com/contact
[2026-06-03 11:10:44] [INFO] [CRAWL] http://novoxcore.com/about.html
[2026-06-03 11:10:48] [INFO] [OK] https://novoxcore.com/about
[2026-06-03 11:10:48] [INFO] [CRAWL] http://novoxcore.com/services.html
[2026-06-03 11:10:52] [INFO] [OK] https://novoxcore.com/services
[2026-06-03 11:10:52] [INFO] [CRAWL] http://novoxcore.com/team.html
[2026-06-03 11:10:56] [INFO] [OK] https://novoxcore.com/team
[2026-06-03 11:10:56] [INFO] [CRAWL] http://novoxcore.com/careers.html
[2026-06-03 11:10:59] [INFO] [OK] https://novoxcore.com/careers
[2026-06-03 11:10:59] [INFO] Downloaded pages: 6
[2026-06-03 11:10:59] [INFO] Failed pages: 0
[2026-06-03 11:10:59] [INFO] Downloaded: 6 pages
[2026-06-03 11:10:59] [INFO] Duplicates removed: 0
[2026-06-03 11:10:59] [INFO] Junk filtered: 0
[2026-06-03 11:11:01] [INFO] Chunks generated: 6
[2026-06-03 11:11:01] [INFO] Saved to: cleaned_chunks/novoxcore_chunks.json
[2026-06-03 11:11:01] [INFO] Skipping disabled website: NovoxEdTech
[2026-06-03 11:11:01] [INFO] ======================================================================
[2026-06-03 11:11:01] [INFO] TOTAL CHUNKS GENERATED: 6
[2026-06-03 11:11:01] [INFO] Populating Qdrant vector store...
[2026-06-03 11:11:01] [INFO] Loading chunks from /home/sujith/NovoxCore/backend/cleaned_chunks/novoxcore_chunks.json
[2026-06-03 11:11:01] [INFO] Loaded 6 chunks
[2026-06-03 11:11:01] [INFO] Deleted old collection: novoxcore
[2026-06-03 11:11:01] [INFO] Created collection: novoxcore
[2026-06-03 11:11:03] [INFO] Generated embeddings for 6 chunks
[2026-06-03 11:11:03] [INFO] Stored 6 chunks in Qdrant
[2026-06-03 11:11:03] [INFO] Stored 6 chunks in Qdrant
[2026-06-03 11:11:03] [INFO] Update completed successfully
[2026-06-03 11:11:03] [INFO] ======================================================================
