[2026-06-01 12:00:01] [INFO] ======================================================================
[2026-06-01 12:00:01] [INFO] RAG BACKEND KNOWLEDGE BASE UPDATE
[2026-06-01 12:00:01] [INFO] ======================================================================
[2026-06-01 12:00:01] [INFO] 
Processing: NovoxCore
[2026-06-01 12:00:01] [INFO] Starting crawl: https://novoxcore.com/
[2026-06-01 12:00:01] [INFO] Starting crawl with 1 seed URL(s)
[2026-06-01 12:00:01] [INFO] ======================================================================
[2026-06-01 12:00:01] [INFO] RAG BACKEND KNOWLEDGE BASE UPDATE
[2026-06-01 12:00:01] [INFO] ======================================================================
[2026-06-01 12:00:01] [INFO] 
Processing: NovoxCore
[2026-06-01 12:00:01] [INFO] Starting crawl: https://novoxcore.com/
[2026-06-01 12:00:01] [INFO] Starting crawl with 1 seed URL(s)
[2026-06-01 12:00:02] [INFO] [CRAWL] https://novoxcore.com/
[2026-06-01 12:00:02] [INFO] [CRAWL] https://novoxcore.com/
[2026-06-01 12:00:23] [INFO] [OK] https://novoxcore.com/
[2026-06-01 12:00:23] [INFO] [CRAWL] https://novoxcore.com/contact.html
[2026-06-01 12:00:24] [INFO] [OK] https://novoxcore.com/
[2026-06-01 12:00:24] [INFO] [CRAWL] https://novoxcore.com/contact.html
[2026-06-01 12:00:32] [INFO] [OK] https://novoxcore.com/contact
[2026-06-01 12:00:32] [INFO] [CRAWL] http://novoxcore.com/about.html
[2026-06-01 12:00:32] [INFO] [OK] https://novoxcore.com/contact
[2026-06-01 12:00:32] [INFO] [CRAWL] http://novoxcore.com/about.html
[2026-06-01 12:00:36] [INFO] [OK] https://novoxcore.com/about
[2026-06-01 12:00:36] [INFO] [CRAWL] http://novoxcore.com/services.html
[2026-06-01 12:00:36] [INFO] [OK] https://novoxcore.com/about
[2026-06-01 12:00:36] [INFO] [CRAWL] http://novoxcore.com/services.html
[2026-06-01 12:00:50] [INFO] [OK] https://novoxcore.com/services
[2026-06-01 12:00:50] [INFO] [CRAWL] http://novoxcore.com/team.html
[2026-06-01 12:00:51] [INFO] [OK] https://novoxcore.com/services
[2026-06-01 12:00:51] [INFO] [CRAWL] http://novoxcore.com/team.html
[2026-06-01 12:01:19] [INFO] [OK] https://novoxcore.com/team
[2026-06-01 12:01:19] [INFO] [CRAWL] http://novoxcore.com/careers.html
[2026-06-01 12:01:22] [INFO] [OK] https://novoxcore.com/careers
[2026-06-01 12:01:22] [INFO] Downloaded pages: 6
[2026-06-01 12:01:22] [INFO] Failed pages: 0
[2026-06-01 12:01:22] [INFO] Downloaded: 6 pages
[2026-06-01 12:01:22] [INFO] Duplicates removed: 0
[2026-06-01 12:01:22] [INFO] Junk filtered: 0
[2026-06-01 12:01:22] [INFO] Chunks generated: 6
[2026-06-01 12:01:22] [INFO] Saved to: cleaned_chunks/novoxcore_chunks.json
[2026-06-01 12:01:22] [INFO] Skipping disabled website: NovoxEdTech
[2026-06-01 12:01:22] [INFO] ======================================================================
[2026-06-01 12:01:22] [INFO] TOTAL CHUNKS GENERATED: 6
[2026-06-01 12:01:22] [INFO] Update completed successfully
[2026-06-01 12:01:22] [INFO] ======================================================================
[2026-06-01 12:01:24] [INFO] [OK] https://novoxcore.com/team
[2026-06-01 12:01:24] [INFO] [CRAWL] http://novoxcore.com/careers.html
[2026-06-01 12:01:27] [INFO] [OK] https://novoxcore.com/careers
[2026-06-01 12:01:27] [INFO] Downloaded pages: 6
[2026-06-01 12:01:27] [INFO] Failed pages: 0
[2026-06-01 12:01:27] [INFO] Downloaded: 6 pages
[2026-06-01 12:01:27] [INFO] Duplicates removed: 0
[2026-06-01 12:01:27] [INFO] Junk filtered: 0
[2026-06-01 12:01:27] [INFO] Chunks generated: 6
[2026-06-01 12:01:27] [INFO] Saved to: cleaned_chunks/novoxcore_chunks.json
[2026-06-01 12:01:27] [INFO] Skipping disabled website: NovoxEdTech
[2026-06-01 12:01:27] [INFO] ======================================================================
[2026-06-01 12:01:27] [INFO] TOTAL CHUNKS GENERATED: 6
[2026-06-01 12:01:27] [INFO] Update completed successfully
[2026-06-01 12:01:27] [INFO] ======================================================================
